\BOOKMARK [1][-]{section.1}{What is qualitative analysis?}{}% 1
\BOOKMARK [1][-]{section.2}{Causal inference for qualitative studies}{}% 2
\BOOKMARK [2][-]{subsection.2.1}{The problem of causal inference}{section.2}% 3
\BOOKMARK [2][-]{subsection.2.2}{What we know and what we do not know}{section.2}% 4
\BOOKMARK [1][-]{section.3}{A Qualitative Strategy for Causal Inference}{}% 5
\BOOKMARK [2][-]{subsection.3.1}{Strategy}{section.3}% 6
\BOOKMARK [2][-]{subsection.3.2}{Questions}{section.3}% 7
\BOOKMARK [1][-]{section.4}{In-class Exercise}{}% 8
\BOOKMARK [2][-]{subsection.4.1}{Natural resources and conflict}{section.4}% 9
\BOOKMARK [2][-]{subsection.4.2}{Democracy and growth}{section.4}% 10
\BOOKMARK [2][-]{subsection.4.3}{Factor Endowments and Coalitions}{section.4}% 11
\BOOKMARK [2][-]{subsection.4.4}{Democratic peace}{section.4}% 12
\BOOKMARK [1][-]{section.5}{Case selection}{}% 13
\BOOKMARK [2][-]{subsection.5.1}{Selection on the dependent variable}{section.5}% 14
\BOOKMARK [2][-]{subsection.5.2}{Random case selection}{section.5}% 15
\BOOKMARK [2][-]{subsection.5.3}{Typical cases?}{section.5}% 16
\BOOKMARK [2][-]{subsection.5.4}{Diverse cases?}{section.5}% 17
\BOOKMARK [2][-]{subsection.5.5}{Extreme cases?}{section.5}% 18
\BOOKMARK [2][-]{subsection.5.6}{Deviant cases?}{section.5}% 19
\BOOKMARK [2][-]{subsection.5.7}{Influential?}{section.5}% 20
\BOOKMARK [2][-]{subsection.5.8}{Most similar? Most Different}{section.5}% 21
\BOOKMARK [2][-]{subsection.5.9}{Easy cases? Hard cases?}{section.5}% 22
\BOOKMARK [1][-]{section.6}{Recap on Identification Strategies}{}% 23
